Analysis & Synthesis report for PROJETO2
Tue Apr  1 10:04:33 2025
Quartus Prime Version 21.1.1 Build 850 06/23/2022 SJ Lite Edition


---------------------
; Table of Contents ;
---------------------
  1. Legal Notice
  2. Analysis & Synthesis Summary
  3. Analysis & Synthesis Settings
  4. Parallel Compilation
  5. Analysis & Synthesis Source Files Read
  6. Analysis & Synthesis Resource Usage Summary
  7. Analysis & Synthesis Resource Utilization by Entity
  8. Registers Removed During Synthesis
  9. Removed Registers Triggering Further Register Optimizations
 10. General Register Statistics
 11. Inverted Register Statistics
 12. Multiplexer Restructuring Statistics (Restructuring Performed)
 13. Parameter Settings for User Entity Instance: Top-level Entity: |lcd_display
 14. Post-Synthesis Netlist Statistics for Top Partition
 15. Elapsed Time Per Partition
 16. Analysis & Synthesis Messages
 17. Analysis & Synthesis Suppressed Messages



----------------
; Legal Notice ;
----------------
Copyright (C) 2022  Intel Corporation. All rights reserved.
Your use of Intel Corporation's design tools, logic functions 
and other software and tools, and any partner logic 
functions, and any output files from any of the foregoing 
(including device programming or simulation files), and any 
associated documentation or information are expressly subject 
to the terms and conditions of the Intel Program License 
Subscription Agreement, the Intel Quartus Prime License Agreement,
the Intel FPGA IP License Agreement, or other applicable license
agreement, including, without limitation, that your use is for
the sole purpose of programming logic devices manufactured by
Intel and sold by Intel or its authorized distributors.  Please
refer to the applicable agreement for further details, at
https://fpgasoftware.intel.com/eula.



+----------------------------------------------------------------------------------+
; Analysis & Synthesis Summary                                                     ;
+------------------------------------+---------------------------------------------+
; Analysis & Synthesis Status        ; Successful - Tue Apr  1 10:04:33 2025       ;
; Quartus Prime Version              ; 21.1.1 Build 850 06/23/2022 SJ Lite Edition ;
; Revision Name                      ; PROJETO2                                    ;
; Top-level Entity Name              ; lcd_display                                 ;
; Family                             ; Cyclone IV E                                ;
; Total logic elements               ; 178                                         ;
;     Total combinational functions  ; 175                                         ;
;     Dedicated logic registers      ; 73                                          ;
; Total registers                    ; 73                                          ;
; Total pins                         ; 23                                          ;
; Total virtual pins                 ; 0                                           ;
; Total memory bits                  ; 0                                           ;
; Embedded Multiplier 9-bit elements ; 0                                           ;
; Total PLLs                         ; 0                                           ;
+------------------------------------+---------------------------------------------+


+------------------------------------------------------------------------------------------------------------+
; Analysis & Synthesis Settings                                                                              ;
+------------------------------------------------------------------+--------------------+--------------------+
; Option                                                           ; Setting            ; Default Value      ;
+------------------------------------------------------------------+--------------------+--------------------+
; Device                                                           ; EP4CE115F29C7      ;                    ;
; Top-level entity name                                            ; lcd_display        ; PROJETO2           ;
; Family name                                                      ; Cyclone IV E       ; Cyclone V          ;
; Use smart compilation                                            ; Off                ; Off                ;
; Enable parallel Assembler and Timing Analyzer during compilation ; On                 ; On                 ;
; Enable compact report table                                      ; Off                ; Off                ;
; Restructure Multiplexers                                         ; Auto               ; Auto               ;
; Create Debugging Nodes for IP Cores                              ; Off                ; Off                ;
; Preserve fewer node names                                        ; On                 ; On                 ;
; Intel FPGA IP Evaluation Mode                                    ; Enable             ; Enable             ;
; Verilog Version                                                  ; Verilog_2001       ; Verilog_2001       ;
; VHDL Version                                                     ; VHDL_1993          ; VHDL_1993          ;
; State Machine Processing                                         ; Auto               ; Auto               ;
; Safe State Machine                                               ; Off                ; Off                ;
; Extract Verilog State Machines                                   ; On                 ; On                 ;
; Extract VHDL State Machines                                      ; On                 ; On                 ;
; Ignore Verilog initial constructs                                ; Off                ; Off                ;
; Iteration limit for constant Verilog loops                       ; 5000               ; 5000               ;
; Iteration limit for non-constant Verilog loops                   ; 250                ; 250                ;
; Add Pass-Through Logic to Inferred RAMs                          ; On                 ; On                 ;
; Infer RAMs from Raw Logic                                        ; On                 ; On                 ;
; Parallel Synthesis                                               ; On                 ; On                 ;
; DSP Block Balancing                                              ; Auto               ; Auto               ;
; NOT Gate Push-Back                                               ; On                 ; On                 ;
; Power-Up Don't Care                                              ; On                 ; On                 ;
; Remove Redundant Logic Cells                                     ; Off                ; Off                ;
; Remove Duplicate Registers                                       ; On                 ; On                 ;
; Ignore CARRY Buffers                                             ; Off                ; Off                ;
; Ignore CASCADE Buffers                                           ; Off                ; Off                ;
; Ignore GLOBAL Buffers                                            ; Off                ; Off                ;
; Ignore ROW GLOBAL Buffers                                        ; Off                ; Off                ;
; Ignore LCELL Buffers                                             ; Off                ; Off                ;
; Ignore SOFT Buffers                                              ; On                 ; On                 ;
; Limit AHDL Integers to 32 Bits                                   ; Off                ; Off                ;
; Optimization Technique                                           ; Balanced           ; Balanced           ;
; Carry Chain Length                                               ; 70                 ; 70                 ;
; Auto Carry Chains                                                ; On                 ; On                 ;
; Auto Open-Drain Pins                                             ; On                 ; On                 ;
; Perform WYSIWYG Primitive Resynthesis                            ; Off                ; Off                ;
; Auto ROM Replacement                                             ; On                 ; On                 ;
; Auto RAM Replacement                                             ; On                 ; On                 ;
; Auto DSP Block Replacement                                       ; On                 ; On                 ;
; Auto Shift Register Replacement                                  ; Auto               ; Auto               ;
; Allow Shift Register Merging across Hierarchies                  ; Auto               ; Auto               ;
; Auto Clock Enable Replacement                                    ; On                 ; On                 ;
; Strict RAM Replacement                                           ; Off                ; Off                ;
; Allow Synchronous Control Signals                                ; On                 ; On                 ;
; Force Use of Synchronous Clear Signals                           ; Off                ; Off                ;
; Auto RAM Block Balancing                                         ; On                 ; On                 ;
; Auto RAM to Logic Cell Conversion                                ; Off                ; Off                ;
; Auto Resource Sharing                                            ; Off                ; Off                ;
; Allow Any RAM Size For Recognition                               ; Off                ; Off                ;
; Allow Any ROM Size For Recognition                               ; Off                ; Off                ;
; Allow Any Shift Register Size For Recognition                    ; Off                ; Off                ;
; Use LogicLock Constraints during Resource Balancing              ; On                 ; On                 ;
; Ignore translate_off and synthesis_off directives                ; Off                ; Off                ;
; Timing-Driven Synthesis                                          ; On                 ; On                 ;
; Report Parameter Settings                                        ; On                 ; On                 ;
; Report Source Assignments                                        ; On                 ; On                 ;
; Report Connectivity Checks                                       ; On                 ; On                 ;
; Ignore Maximum Fan-Out Assignments                               ; Off                ; Off                ;
; Synchronization Register Chain Length                            ; 2                  ; 2                  ;
; Power Optimization During Synthesis                              ; Normal compilation ; Normal compilation ;
; HDL message level                                                ; Level2             ; Level2             ;
; Suppress Register Optimization Related Messages                  ; Off                ; Off                ;
; Number of Removed Registers Reported in Synthesis Report         ; 5000               ; 5000               ;
; Number of Swept Nodes Reported in Synthesis Report               ; 5000               ; 5000               ;
; Number of Inverted Registers Reported in Synthesis Report        ; 100                ; 100                ;
; Clock MUX Protection                                             ; On                 ; On                 ;
; Auto Gated Clock Conversion                                      ; Off                ; Off                ;
; Block Design Naming                                              ; Auto               ; Auto               ;
; SDC constraint protection                                        ; Off                ; Off                ;
; Synthesis Effort                                                 ; Auto               ; Auto               ;
; Shift Register Replacement - Allow Asynchronous Clear Signal     ; On                 ; On                 ;
; Pre-Mapping Resynthesis Optimization                             ; Off                ; Off                ;
; Analysis & Synthesis Message Level                               ; Medium             ; Medium             ;
; Disable Register Merging Across Hierarchies                      ; Auto               ; Auto               ;
; Resource Aware Inference For Block RAM                           ; On                 ; On                 ;
+------------------------------------------------------------------+--------------------+--------------------+


+------------------------------------------+
; Parallel Compilation                     ;
+----------------------------+-------------+
; Processors                 ; Number      ;
+----------------------------+-------------+
; Number detected on machine ; 16          ;
; Maximum allowed            ; 16          ;
;                            ;             ;
; Average used               ; 1.00        ;
; Maximum used               ; 16          ;
;                            ;             ;
; Usage by Processor         ; % Time Used ;
;     Processor 1            ; 100.0%      ;
;     Processors 2-16        ;   0.0%      ;
+----------------------------+-------------+


+--------------------------------------------------------------------------------------------------------------------------------------+
; Analysis & Synthesis Source Files Read                                                                                               ;
+----------------------------------+-----------------+------------------------+----------------------------------------------+---------+
; File Name with User-Entered Path ; Used in Netlist ; File Type              ; File Name with Absolute Path                 ; Library ;
+----------------------------------+-----------------+------------------------+----------------------------------------------+---------+
; lcd_display.v                    ; yes             ; User Verilog HDL File  ; D:/Users/jhmg/ProjetoSDVerilog/lcd_display.v ;         ;
+----------------------------------+-----------------+------------------------+----------------------------------------------+---------+


+---------------------------------------------------------+
; Analysis & Synthesis Resource Usage Summary             ;
+---------------------------------------------+-----------+
; Resource                                    ; Usage     ;
+---------------------------------------------+-----------+
; Estimated Total logic elements              ; 178       ;
;                                             ;           ;
; Total combinational functions               ; 175       ;
; Logic element usage by number of LUT inputs ;           ;
;     -- 4 input functions                    ; 79        ;
;     -- 3 input functions                    ; 30        ;
;     -- <=2 input functions                  ; 66        ;
;                                             ;           ;
; Logic elements by mode                      ;           ;
;     -- normal mode                          ; 139       ;
;     -- arithmetic mode                      ; 36        ;
;                                             ;           ;
; Total registers                             ; 73        ;
;     -- Dedicated logic registers            ; 73        ;
;     -- I/O registers                        ; 0         ;
;                                             ;           ;
; I/O pins                                    ; 23        ;
;                                             ;           ;
; Embedded Multiplier 9-bit elements          ; 0         ;
;                                             ;           ;
; Maximum fan-out node                        ; clk~input ;
; Maximum fan-out                             ; 73        ;
; Total fan-out                               ; 752       ;
; Average fan-out                             ; 2.56      ;
+---------------------------------------------+-----------+


+----------------------------------------------------------------------------------------------------------------------------------------------------------------------------------------------------------+
; Analysis & Synthesis Resource Utilization by Entity                                                                                                                                                      ;
+----------------------------+---------------------+---------------------------+-------------+--------------+---------+-----------+------+--------------+---------------------+-------------+--------------+
; Compilation Hierarchy Node ; Combinational ALUTs ; Dedicated Logic Registers ; Memory Bits ; DSP Elements ; DSP 9x9 ; DSP 18x18 ; Pins ; Virtual Pins ; Full Hierarchy Name ; Entity Name ; Library Name ;
+----------------------------+---------------------+---------------------------+-------------+--------------+---------+-----------+------+--------------+---------------------+-------------+--------------+
; |lcd_display               ; 175 (175)           ; 73 (73)                   ; 0           ; 0            ; 0       ; 0         ; 23   ; 0            ; |lcd_display        ; lcd_display ; work         ;
+----------------------------+---------------------+---------------------------+-------------+--------------+---------+-----------+------+--------------+---------------------+-------------+--------------+
Note: For table entries with two numbers listed, the numbers in parentheses indicate the number of resources of the given type used by the specific entity alone. The numbers listed outside of parentheses indicate the total resources of the given type used by the specific entity and all of its sub-entities in the hierarchy.


+----------------------------------------------------------------------------------+
; Registers Removed During Synthesis                                               ;
+-----------------------------------------+----------------------------------------+
; Register name                           ; Reason for Removal                     ;
+-----------------------------------------+----------------------------------------+
; show_data_addr[3][7]                    ; Stuck at GND due to stuck port data_in ;
; show_data_addr[3][6]                    ; Stuck at GND due to stuck port data_in ;
; show_data_addr[3][5]                    ; Stuck at VCC due to stuck port data_in ;
; show_data_addr[3][4]                    ; Stuck at VCC due to stuck port data_in ;
; show_data_addr[2][7]                    ; Stuck at GND due to stuck port data_in ;
; show_data_addr[2][6]                    ; Stuck at GND due to stuck port data_in ;
; show_data_addr[2][5]                    ; Stuck at VCC due to stuck port data_in ;
; show_data_addr[2][4]                    ; Stuck at VCC due to stuck port data_in ;
; show_data_addr[1][7]                    ; Stuck at GND due to stuck port data_in ;
; show_data_addr[1][6]                    ; Stuck at GND due to stuck port data_in ;
; show_data_addr[1][5]                    ; Stuck at VCC due to stuck port data_in ;
; show_data_addr[1][4]                    ; Stuck at VCC due to stuck port data_in ;
; show_data_addr[0][7]                    ; Stuck at GND due to stuck port data_in ;
; show_data_addr[0][6]                    ; Stuck at GND due to stuck port data_in ;
; show_data_addr[0][5]                    ; Stuck at VCC due to stuck port data_in ;
; show_data_addr[0][4]                    ; Stuck at VCC due to stuck port data_in ;
; show_data_addr[5][0]                    ; Stuck at VCC due to stuck port data_in ;
; show_data_addr[5][1]                    ; Stuck at VCC due to stuck port data_in ;
; show_data_addr[5][2]                    ; Stuck at GND due to stuck port data_in ;
; show_data_addr[5][3]                    ; Stuck at VCC due to stuck port data_in ;
; show_data_addr[5][4]                    ; Stuck at GND due to stuck port data_in ;
; show_data_addr[5][5]                    ; Stuck at VCC due to stuck port data_in ;
; show_data_addr[5][6]                    ; Stuck at GND due to stuck port data_in ;
; show_data_addr[5][7]                    ; Stuck at GND due to stuck port data_in ;
; num_data[0]                             ; Stuck at VCC due to stuck port data_in ;
; num_data[1]                             ; Stuck at GND due to stuck port data_in ;
; num_data[2]                             ; Stuck at VCC due to stuck port data_in ;
; num_data[3..5]                          ; Stuck at GND due to stuck port data_in ;
; num_data[6]                             ; Stuck at VCC due to stuck port data_in ;
; num_data[7..14]                         ; Stuck at GND due to stuck port data_in ;
; show_addr[0][1]                         ; Stuck at GND due to stuck port data_in ;
; show_addr[0][5]                         ; Stuck at VCC due to stuck port data_in ;
; show_addr[0][6]                         ; Stuck at GND due to stuck port data_in ;
; show_addr[0][7]                         ; Stuck at GND due to stuck port data_in ;
; show_addr[1][1]                         ; Stuck at GND due to stuck port data_in ;
; show_addr[1][5]                         ; Stuck at VCC due to stuck port data_in ;
; show_addr[1][6]                         ; Stuck at GND due to stuck port data_in ;
; show_addr[1][7]                         ; Stuck at GND due to stuck port data_in ;
; show_addr[2][1]                         ; Stuck at GND due to stuck port data_in ;
; show_addr[2][5]                         ; Stuck at VCC due to stuck port data_in ;
; show_addr[2][6]                         ; Stuck at GND due to stuck port data_in ;
; show_addr[2][7]                         ; Stuck at GND due to stuck port data_in ;
; show_addr[3][1]                         ; Stuck at GND due to stuck port data_in ;
; show_addr[3][5]                         ; Stuck at VCC due to stuck port data_in ;
; show_addr[3][6]                         ; Stuck at GND due to stuck port data_in ;
; show_addr[3][7]                         ; Stuck at GND due to stuck port data_in ;
; show_opcode[0][1]                       ; Stuck at GND due to stuck port data_in ;
; show_opcode[0][4]                       ; Stuck at GND due to stuck port data_in ;
; show_opcode[0][7]                       ; Stuck at GND due to stuck port data_in ;
; show_opcode[1][7]                       ; Stuck at GND due to stuck port data_in ;
; show_opcode[2][7]                       ; Stuck at GND due to stuck port data_in ;
; show_opcode[3][7]                       ; Stuck at GND due to stuck port data_in ;
; show_opcode[1][0]                       ; Merged with show_opcode[0][2]          ;
; show_opcode[0][3]                       ; Merged with show_opcode[0][0]          ;
; show_opcode[3][1]                       ; Merged with show_opcode[1][1]          ;
; show_addr[0][3]                         ; Merged with show_addr[0][2]            ;
; show_addr[0][4]                         ; Merged with show_addr[0][2]            ;
; show_addr[1][2]                         ; Merged with show_addr[0][2]            ;
; show_addr[1][3]                         ; Merged with show_addr[0][2]            ;
; show_addr[1][4]                         ; Merged with show_addr[0][2]            ;
; show_addr[2][2]                         ; Merged with show_addr[0][2]            ;
; show_addr[2][3]                         ; Merged with show_addr[0][2]            ;
; show_addr[2][4]                         ; Merged with show_addr[0][2]            ;
; show_addr[3][2]                         ; Merged with show_addr[0][2]            ;
; show_addr[3][3]                         ; Merged with show_addr[0][2]            ;
; show_addr[3][4]                         ; Merged with show_addr[0][2]            ;
; show_opcode[2][5]                       ; Merged with show_opcode[1][5]          ;
; show_opcode[3][5]                       ; Merged with show_opcode[1][5]          ;
; show_opcode[2][6]                       ; Merged with show_opcode[1][6]          ;
; show_opcode[3][6]                       ; Merged with show_opcode[1][6]          ;
; show_data_addr[4][7]                    ; Stuck at GND due to stuck port data_in ;
; show_data_addr[4][6]                    ; Stuck at GND due to stuck port data_in ;
; show_data_addr[4][5]                    ; Stuck at VCC due to stuck port data_in ;
; show_data_addr[4][4]                    ; Stuck at VCC due to stuck port data_in ;
; show_data_addr[4][3]                    ; Stuck at GND due to stuck port data_in ;
; show_data_addr[4][2]                    ; Stuck at GND due to stuck port data_in ;
; show_data_addr[4][1]                    ; Stuck at GND due to stuck port data_in ;
; show_data_addr[4][0]                    ; Stuck at GND due to stuck port data_in ;
; show_data_addr[3][3]                    ; Stuck at GND due to stuck port data_in ;
; show_data_addr[3][2]                    ; Stuck at GND due to stuck port data_in ;
; show_data_addr[3][1]                    ; Stuck at GND due to stuck port data_in ;
; show_data_addr[3][0]                    ; Stuck at GND due to stuck port data_in ;
; show_data_addr[2][3]                    ; Stuck at GND due to stuck port data_in ;
; show_data_addr[2][2]                    ; Stuck at GND due to stuck port data_in ;
; show_data_addr[2][1]                    ; Stuck at GND due to stuck port data_in ;
; show_data_addr[2][0]                    ; Stuck at GND due to stuck port data_in ;
; show_data_addr[1][3]                    ; Stuck at GND due to stuck port data_in ;
; show_data_addr[1][0]                    ; Stuck at GND due to stuck port data_in ;
; show_data_addr[0][2]                    ; Stuck at GND due to stuck port data_in ;
; show_data_addr[0][1]                    ; Stuck at GND due to stuck port data_in ;
; show_data_addr[0][0]                    ; Merged with show_addr[0][2]            ;
; show_data_addr[0][3]                    ; Merged with show_addr[0][2]            ;
; show_data_addr[1][1]                    ; Merged with show_addr[0][2]            ;
; show_data_addr[1][2]                    ; Merged with show_addr[0][2]            ;
; show_opcode[1][6]                       ; Merged with show_opcode[1][5]          ;
; Total Number of Removed Registers = 104 ;                                        ;
+-----------------------------------------+----------------------------------------+


+-------------------------------------------------------------------------------------------------------------------------------------+
; Removed Registers Triggering Further Register Optimizations                                                                         ;
+---------------+---------------------------+-----------------------------------------------------------------------------------------+
; Register name ; Reason for Removal        ; Registers Removed due to This Register                                                  ;
+---------------+---------------------------+-----------------------------------------------------------------------------------------+
; num_data[0]   ; Stuck at VCC              ; show_data_addr[4][7], show_data_addr[4][6], show_data_addr[4][5], show_data_addr[4][4], ;
;               ; due to stuck port data_in ; show_data_addr[3][3], show_data_addr[3][2], show_data_addr[3][1], show_data_addr[3][0], ;
;               ;                           ; show_data_addr[2][3], show_data_addr[2][2], show_data_addr[2][1], show_data_addr[2][0], ;
;               ;                           ; show_data_addr[1][3], show_data_addr[1][0], show_data_addr[0][2], show_data_addr[0][1]  ;
+---------------+---------------------------+-----------------------------------------------------------------------------------------+


+------------------------------------------------------+
; General Register Statistics                          ;
+----------------------------------------------+-------+
; Statistic                                    ; Value ;
+----------------------------------------------+-------+
; Total registers                              ; 73    ;
; Number of registers using Synchronous Clear  ; 6     ;
; Number of registers using Synchronous Load   ; 3     ;
; Number of registers using Asynchronous Clear ; 0     ;
; Number of registers using Asynchronous Load  ; 0     ;
; Number of registers using Clock Enable       ; 34    ;
; Number of registers using Preset             ; 0     ;
+----------------------------------------------+-------+


+---------------------------------------------------+
; Inverted Register Statistics                      ;
+-----------------------------------------+---------+
; Inverted Register                       ; Fan out ;
+-----------------------------------------+---------+
; show_addr[0][2]                         ; 6       ;
; show_opcode[0][0]                       ; 1       ;
; show_addr[2][0]                         ; 1       ;
; show_addr[1][0]                         ; 1       ;
; show_addr[3][0]                         ; 1       ;
; show_addr[0][0]                         ; 1       ;
; show_opcode[2][0]                       ; 1       ;
; show_opcode[0][2]                       ; 2       ;
; show_opcode[3][0]                       ; 1       ;
; show_opcode[2][2]                       ; 1       ;
; show_opcode[1][2]                       ; 1       ;
; show_opcode[3][2]                       ; 1       ;
; show_opcode[2][3]                       ; 1       ;
; show_opcode[1][3]                       ; 2       ;
; show_opcode[3][3]                       ; 1       ;
; show_opcode[0][5]                       ; 1       ;
; show_opcode[1][5]                       ; 2       ;
; Total number of inverted registers = 17 ;         ;
+-----------------------------------------+---------+


+----------------------------------------------------------------------------------------------------------------------------------------------+
; Multiplexer Restructuring Statistics (Restructuring Performed)                                                                               ;
+--------------------+-----------+---------------+----------------------+------------------------+------------+--------------------------------+
; Multiplexer Inputs ; Bus Width ; Baseline Area ; Area if Restructured ; Saving if Restructured ; Registered ; Example Multiplexer Output     ;
+--------------------+-----------+---------------+----------------------+------------------------+------------+--------------------------------+
; 16:1               ; 6 bits    ; 60 LEs        ; 24 LEs               ; 36 LEs                 ; Yes        ; |lcd_display|show_opcode[1][1] ;
; 5:1                ; 6 bits    ; 18 LEs        ; 6 LEs                ; 12 LEs                 ; Yes        ; |lcd_display|instructions[5]   ;
; 67:1               ; 2 bits    ; 88 LEs        ; 32 LEs               ; 56 LEs                 ; Yes        ; |lcd_display|data[7]~reg0      ;
; 16:1               ; 10 bits   ; 100 LEs       ; 50 LEs               ; 50 LEs                 ; Yes        ; |lcd_display|show_opcode[1][2] ;
+--------------------+-----------+---------------+----------------------+------------------------+------------+--------------------------------+


+-----------------------------------------------------------------------------+
; Parameter Settings for User Entity Instance: Top-level Entity: |lcd_display ;
+----------------+-------+----------------------------------------------------+
; Parameter Name ; Value ; Type                                               ;
+----------------+-------+----------------------------------------------------+
; WRITE          ; 0     ; Signed Integer                                     ;
; WAIT           ; 1     ; Signed Integer                                     ;
; DISPLAY_OFF    ; 0     ; Signed Integer                                     ;
; UPDATE         ; 1     ; Signed Integer                                     ;
; SHOW           ; 2     ; Signed Integer                                     ;
; LOAD           ; 0     ; Signed Integer                                     ;
; ADD            ; 1     ; Signed Integer                                     ;
; ADDI           ; 2     ; Signed Integer                                     ;
; SUB            ; 3     ; Signed Integer                                     ;
; SUBI           ; 4     ; Signed Integer                                     ;
; MUL            ; 5     ; Signed Integer                                     ;
; CLEAR          ; 6     ; Signed Integer                                     ;
; DISPLAY        ; 7     ; Signed Integer                                     ;
+----------------+-------+----------------------------------------------------+
Note: In order to hide this table in the UI and the text report file, please set the "Show Parameter Settings in Synthesis Report" option in "Analysis and Synthesis Settings -> More Settings" to "Off".


+-----------------------------------------------------+
; Post-Synthesis Netlist Statistics for Top Partition ;
+-----------------------+-----------------------------+
; Type                  ; Count                       ;
+-----------------------+-----------------------------+
; boundary_port         ; 23                          ;
; cycloneiii_ff         ; 73                          ;
;     ENA               ; 26                          ;
;     ENA SCLR          ; 5                           ;
;     ENA SCLR SLD      ; 1                           ;
;     ENA SLD           ; 2                           ;
;     plain             ; 39                          ;
; cycloneiii_lcell_comb ; 175                         ;
;     arith             ; 36                          ;
;         2 data inputs ; 36                          ;
;     normal            ; 139                         ;
;         0 data inputs ; 1                           ;
;         1 data inputs ; 8                           ;
;         2 data inputs ; 21                          ;
;         3 data inputs ; 30                          ;
;         4 data inputs ; 79                          ;
;                       ;                             ;
; Max LUT depth         ; 7.00                        ;
; Average LUT depth     ; 3.77                        ;
+-----------------------+-----------------------------+


+-------------------------------+
; Elapsed Time Per Partition    ;
+----------------+--------------+
; Partition Name ; Elapsed Time ;
+----------------+--------------+
; Top            ; 00:00:00     ;
+----------------+--------------+


+-------------------------------+
; Analysis & Synthesis Messages ;
+-------------------------------+
Info: *******************************************************************
Info: Running Quartus Prime Analysis & Synthesis
    Info: Version 21.1.1 Build 850 06/23/2022 SJ Lite Edition
    Info: Processing started: Tue Apr  1 10:04:23 2025
Info: Command: quartus_map --read_settings_files=on --write_settings_files=off PROJETO2 -c PROJETO2
Warning (18236): Number of processors has not been specified which may cause overloading on shared machines.  Set the global assignment NUM_PARALLEL_PROCESSORS in your QSF to an appropriate value for best performance.
Info (20030): Parallel compilation is enabled and will use 16 of the 16 processors detected
Info (12021): Found 1 design units, including 1 entities, in source file module_mini_cpu.v
    Info (12023): Found entity 1: module_mini_cpu File: D:/Users/jhmg/ProjetoSDVerilog/module_mini_cpu.v Line: 1
Info (12021): Found 1 design units, including 1 entities, in source file cpu_ula.v
    Info (12023): Found entity 1: cpu_ula File: D:/Users/jhmg/ProjetoSDVerilog/cpu_ula.v Line: 1
Info (12021): Found 1 design units, including 1 entities, in source file lcd_display.v
    Info (12023): Found entity 1: lcd_display File: D:/Users/jhmg/ProjetoSDVerilog/lcd_display.v Line: 1
Info (12021): Found 1 design units, including 1 entities, in source file memory.v
    Info (12023): Found entity 1: memory File: D:/Users/jhmg/ProjetoSDVerilog/memory.v Line: 1
Warning (10236): Verilog HDL Implicit Net warning at module_mini_cpu.v(66): created implicit net for "wite_rs" File: D:/Users/jhmg/ProjetoSDVerilog/module_mini_cpu.v Line: 66
Warning (10236): Verilog HDL Implicit Net warning at module_mini_cpu.v(176): created implicit net for "WR" File: D:/Users/jhmg/ProjetoSDVerilog/module_mini_cpu.v Line: 176
Info (12127): Elaborating entity "lcd_display" for the top level hierarchy
Warning (10230): Verilog HDL assignment warning at lcd_display.v(14): truncated value with size 32 to match size of target (1) File: D:/Users/jhmg/ProjetoSDVerilog/lcd_display.v Line: 14
Warning (10230): Verilog HDL assignment warning at lcd_display.v(47): truncated value with size 32 to match size of target (1) File: D:/Users/jhmg/ProjetoSDVerilog/lcd_display.v Line: 47
Warning (10230): Verilog HDL assignment warning at lcd_display.v(54): truncated value with size 32 to match size of target (1) File: D:/Users/jhmg/ProjetoSDVerilog/lcd_display.v Line: 54
Warning (10230): Verilog HDL assignment warning at lcd_display.v(56): truncated value with size 32 to match size of target (6) File: D:/Users/jhmg/ProjetoSDVerilog/lcd_display.v Line: 56
Warning (10230): Verilog HDL assignment warning at lcd_display.v(59): truncated value with size 32 to match size of target (6) File: D:/Users/jhmg/ProjetoSDVerilog/lcd_display.v Line: 59
Warning (10230): Verilog HDL assignment warning at lcd_display.v(145): truncated value with size 32 to match size of target (8) File: D:/Users/jhmg/ProjetoSDVerilog/lcd_display.v Line: 145
Warning (10230): Verilog HDL assignment warning at lcd_display.v(146): truncated value with size 32 to match size of target (8) File: D:/Users/jhmg/ProjetoSDVerilog/lcd_display.v Line: 146
Warning (10230): Verilog HDL assignment warning at lcd_display.v(147): truncated value with size 32 to match size of target (8) File: D:/Users/jhmg/ProjetoSDVerilog/lcd_display.v Line: 147
Warning (10230): Verilog HDL assignment warning at lcd_display.v(148): truncated value with size 32 to match size of target (8) File: D:/Users/jhmg/ProjetoSDVerilog/lcd_display.v Line: 148
Warning (10230): Verilog HDL assignment warning at lcd_display.v(149): truncated value with size 32 to match size of target (8) File: D:/Users/jhmg/ProjetoSDVerilog/lcd_display.v Line: 149
Warning (10034): Output port "RW" at lcd_display.v(6) has no driver File: D:/Users/jhmg/ProjetoSDVerilog/lcd_display.v Line: 6
Warning (13024): Output pins are stuck at VCC or GND
    Warning (13410): Pin "RW" is stuck at GND File: D:/Users/jhmg/ProjetoSDVerilog/lcd_display.v Line: 6
Info (286030): Timing-Driven Synthesis is running
Info (144001): Generated suppressed messages file D:/Users/jhmg/ProjetoSDVerilog/output_files/PROJETO2.map.smsg
Info (16010): Generating hard_block partition "hard_block:auto_generated_inst"
    Info (16011): Adding 0 node(s), including 0 DDIO, 0 PLL, 0 transceiver and 0 LCELL
Info (21057): Implemented 202 device resources after synthesis - the final resource count might be different
    Info (21058): Implemented 11 input pins
    Info (21059): Implemented 12 output pins
    Info (21061): Implemented 179 logic cells
Info: Quartus Prime Analysis & Synthesis was successful. 0 errors, 17 warnings
    Info: Peak virtual memory: 4856 megabytes
    Info: Processing ended: Tue Apr  1 10:04:33 2025
    Info: Elapsed time: 00:00:10
    Info: Total CPU time (on all processors): 00:00:08


+------------------------------------------+
; Analysis & Synthesis Suppressed Messages ;
+------------------------------------------+
The suppressed messages can be found in D:/Users/jhmg/ProjetoSDVerilog/output_files/PROJETO2.map.smsg.


